warning: unexpected `cfg` condition value: `serde_json`
    --> src/graph.rs:2510:11
     |
2510 |     #[cfg(feature = "serde_json")]
     |           ^^^^^^^^^^^^^^^^^^^^^^
     |
     = note: expected values for `feature` are: `cuda`
     = help: consider adding `serde_json` as a feature in `Cargo.toml`
     = note: see <https://doc.rust-lang.org/nightly/rustc/check-cfg/cargo-specifics.html> for more information about checking conditional configuration
     = note: `#[warn(unexpected_cfgs)]` on by default

warning: unexpected `cfg` condition value: `serde_json`
    --> src/graph.rs:2549:15
     |
2549 |     #[cfg(not(feature = "serde_json"))]
     |               ^^^^^^^^^^^^^^^^^^^^^^
     |
     = note: expected values for `feature` are: `cuda`
     = help: consider adding `serde_json` as a feature in `Cargo.toml`
     = note: see <https://doc.rust-lang.org/nightly/rustc/check-cfg/cargo-specifics.html> for more information about checking conditional configuration

warning: unused variable: `m`
    --> src/graph.rs:1060:42
     |
1060 | ...                   let (m,k) = (ta.shape[0], ta.shape[1]);
     |                            ^ help: if this is intentional, prefix it with an underscore: `_m`
     |
     = note: `#[warn(unused_variables)]` (part of `#[warn(unused)]`) on by default

warning: unused variable: `n`
    --> src/graph.rs:1061:45
     |
1061 | ...                   let (k2,n) = (tb.shape[0], tb.shape[1]);
     |                               ^ help: if this is intentional, prefix it with an underscore: `_n`

warning: unused variable: `t`
    --> src/graph.rs:1875:13
     |
1875 |         let t = state.t as f64;
     |             ^ help: if this is intentional, prefix it with an underscore: `_t`

warning: unused variable: `t_strides`
    --> src/graph.rs:2204:9
     |
2204 |     let t_strides = compute_strides(&t.shape);
     |         ^^^^^^^^^ help: if this is intentional, prefix it with an underscore: `_t_strides`

warning: function `div_value` is never used
    --> src/graph.rs:2087:4
     |
2087 | fn div_value(a: Value, b: Value) -> Result<Value, String> {
     |    ^^^^^^^^^
     |
     = note: `#[warn(dead_code)]` (part of `#[warn(unused)]`) on by default

warning: function `inv_value` is never used
    --> src/graph.rs:2098:4
     |
2098 | fn inv_value(v: &Value) -> Result<Value, String> {
     |    ^^^^^^^^^

warning: variable `dA` should have a snake case name
    --> src/graph.rs:1760:45
     |
1760 | ...                   let dA = matmul_tensors_raw(&gy, &bt)?;
     |                           ^^ help: convert the identifier to snake case: `d_a`
     |
     = note: `#[warn(non_snake_case)]` (part of `#[warn(nonstandard_style)]`) on by default

warning: variable `dB` should have a snake case name
    --> src/graph.rs:1763:45
     |
1763 | ...                   let dB = matmul_tensors_raw(&at, &gy)?;
     |                           ^^ help: convert the identifier to snake case: `d_b`

warning: variable `dA` should have a snake case name
    --> src/graph.rs:1783:49
     |
1783 | ...                   let mut dA = vec![0.0; m*k];
     |                               ^^ help: convert the identifier to snake case: `d_a`

warning: variable `dB` should have a snake case name
    --> src/graph.rs:1803:49
     |
1803 | ...                   let mut dB = vec![0.0; m*n];
     |                               ^^ help: convert the identifier to snake case: `d_b`

warning: `noma` (lib) generated 12 warnings (run `cargo fix --lib -p noma` to apply 4 suggestions)
    Finished `release` profile [optimized] target(s) in 0.12s
     Running `target/release/noma run /workspaces/Noma/demo_self_growing_xor/noma/self_growing_xor.noma`
Running: /workspaces/Noma/demo_self_growing_xor/noma/self_growing_xor.noma
[print] 0.2823567563461807
[print] 0.2823567563461807
[print] 0.2767723054696112
[print] 0.271707872722855
[print] 0.2671333821353784
[print] 0.2630813405251228
[print] 0.25957792338655294
[print] 0.2566356186267687
[print] 0.2542505704480477
[print] 0.25240160289092584
[print] 0.25105062721279425
[print] 0.25014424506666605
[print] 0.2496163484835662
[print] 0.24939156126214745
[print] 0.24938940226482156
[print] 0.24952898537579876
[print] 0.24973389389499845
[print] 0.24993668372432726
[print] 0.2500824240013849
[print] 0.2501308432110536
[print] 0.2500569497645027
[print] 0.2498502974592598
[print] 0.24951325185613682
[print] 0.249058652000793
[print] 0.24850719385584608
[print] 0.2478847526206086
[print] 0.24721976324679173
[print] 0.24654071917202244
[print] 0.24587383485168118
[print] 0.24524094137843422
[print] 0.24465773169354196
[print] 0.24413252128443452
[print] 0.2436657144627163
[print] 0.2432501365959478
[print] 0.2428722907110231
[print] 0.2425144308608932
[print] 0.24215715841585672
[print] 0.24178210941075762
[print] 0.24137427118494964
[print] 0.24092356098733503
[print] 0.24042548040682216
[print] 0.23988085982217236
[print] 0.23929486659265883
[print] 0.23867554103824323
[print] 0.23803214812779794
[print] 0.2373736089299014
[print] 0.2367072239584283
[print] 0.23603783404976048
[print] 0.23536749085557485
[print] 0.23469563350101186
[print] 0.23401969631493408
[print] 0.2333360125888005
[print] 0.232640839660307
[print] 0.2319313181759284
[print] 0.23120619604439807
[print] 0.230466193055417
[print] 0.22971394837479595
[print] 0.22895356980797296
[print] 0.22818987871456825
[print] 0.2274275049208158
[print] 0.22667001948717513
[print] 0.22591928976170186
[print] 0.22517519663762772
[print] 0.2244357738099897
[print] 0.2236977299830713
[print] 0.22295722303221932
[print] 0.22221069669897148
[print] 0.22145558315823105
[print] 0.22069072012082053
[print] 0.21991641351319804
[print] 0.2191341701977002
[print] 0.21834620300422056
[print] 0.21755485376974412
[print] 0.21676208240173048
[print] 0.21596913602476242
[print] 0.21517645489852927
[print] 0.2143838073331536
[print] 0.21359058989632324
[print] 0.21279619370364164
[print] 0.21200032897791132
[print] 0.21120321879723314
[print] 0.2104056136423177
[print] 0.20960863066749566
[print] 0.20881347199986028
[print] 0.2080211108348401
[print] 0.2072320419691238
[print] 0.20644617114247757
[print] 0.2056628711340757
[print] 0.20488117689901675
[print] 0.2041000466173098
[print] 0.2033185972203188
[print] 0.20253623884896207
[print] 0.2017526764666416
[print] 0.20096780078907825
[print] 0.2001815328188754
[print] 0.1993936995340624
[print] 0.19860399792001282
[print] 0.19781206039501747
[print] 0.1970175871491427
[print] 0.19622048181185642
[print] 0.19542092915016418
[print] 0.1946193849001368
[print] 0.19381649187941577
[print] 0.1930129707495365
[print] 0.1922095410347786
[print] 0.19140690518458015
[print] 0.1906057883985231
[print] 0.1898069918671264
[print] 0.18901140686347867
[print] 0.18821995803872288
[print] 0.18743348497576168
[print] 0.1866526083210648
[print] 0.18587763848034683
[print] 0.18510856305709217
[print] 0.184345106339983
[print] 0.18358681695193335
[print] 0.18283313295399464
[print] 0.18208340226097183
[print] 0.1813368797317551
[print] 0.18059274796549168
[print] 0.17985019595309848
[print] 0.17910854665735643
[print] 0.17836738354892573
[print] 0.1776266185432137
[print] 0.17688647551527514
[print] 0.17614741028540293
[print] 0.1754100148025983
[print] 0.17467494274350343
[print] 0.17394285915545948
[print] 0.17321438990875476
[print] 0.17249005053506983
[print] 0.17177016330391512
[print] 0.1710547981177026
[print] 0.1703437714726178
[print] 0.16963670813347853
[print] 0.16893313719816114
[print] 0.1682325846090786
[print] 0.16753464187104516
[print] 0.16683901471443427
[print] 0.1661455618332586
[print] 0.16545431995577203
[print] 0.16476549721010275
[print] 0.16407942212231724
[print] 0.16339645903242905
[print] 0.1627169207185631
[print] 0.16204100730664417
[print] 0.16136878107436747
[print] 0.16070016990107436
[print] 0.16003499124360993
[print] 0.15937299611704892
[print] 0.1587139317055406
[print] 0.15805760813446607
[print] 0.15740394451436762
[print] 0.15675297654000944
[print] 0.1561048283030595
[print] 0.1554596658198912
[print] 0.1548176486779542
[print] 0.15417888786893483
[print] 0.15354341586980944
[print] 0.15291117885857633
[print] 0.15228205825858412
[print] 0.1516559148847648
[print] 0.15103263562485614
[print] 0.15041216343505243
[print] 0.14979450413791848
[print] 0.1491797140161629
[print] 0.1485678739689752
[print] 0.14795905614892926
[print] 0.14735329372088626
[print] 0.14675056751895676
[print] 0.14615081610685
[print] 0.145553961964988
[print] 0.14495993925423478
[print] 0.14436871250681127
[print] 0.1437802824728013
[print] 0.14319467837214198
[print] 0.1426119384524124
[print] 0.14203208693695552
[print] 0.14145511952972095
[print] 0.14088100454498811
[print] 0.14030969636401802
[print] 0.13974115240292762
[print] 0.1391753463583307
[print] 0.1386122733721749
[print] 0.13805194478701727
[print] 0.13749437462851416
[print] 0.13693956572376118
[print] 0.13638750376623326
[print] 0.1358381612980516
[print] 0.1352915074041111
[print] 0.13474751765001428
[print] 0.13420617994883285
[print] 0.13366749341116846
[print] 0.13313146065887949
[print] 0.13259807878424873
[print] 0.1320673349879647
[print] 0.13153920867610536
[print] 0.13101367745165138
[print] 0.13049072328896294
[print] 0.12997033566512922
[print] 0.12945250975598566
Warning: Optimize loop reached max iterations without satisfying condition
[print] 0.12893724097441306
[print] 0.2811416384358031
[print] 0.2811416384358031
[print] 0.2811416384358031
[print] 0.2811416384358031
[print] 0.2604725805386952
[print] 0.2604725805386952
[print] 0.24855665386108222
[print] 0.24855665386108222
[print] 0.228528328895459
[print] 0.228528328895459
[print] 0.21940152948534913
[print] 0.21940152948534913
[print] 0.21322298341726287
[print] 0.21322298341726287
[print] 0.2030372837088731
[print] 0.2030372837088731
[print] 0.19959987825509493
[print] 0.19959987825509493
[print] 0.19664332972342818
[print] 0.19664332972342818
[print] 0.1897682166369876
[print] 0.1897682166369876
[print] 0.1839091641524528
[print] 0.1839091641524528
[print] 0.18027815780561138
[print] 0.18027815780561138
[print] 0.17450425598804317
[print] 0.17450425598804317
[print] 0.16728225722224627
[print] 0.16728225722224627
[print] 0.1622302629456018
[print] 0.1622302629456018
[print] 0.15793989626066607
[print] 0.15793989626066607
[print] 0.15199927232635202
[print] 0.15199927232635202
[print] 0.14650080383562766
[print] 0.14650080383562766
[print] 0.14264783962648783
[print] 0.14264783962648783
[print] 0.13783921852153402
[print] 0.13783921852153402
[print] 0.1321736660558388
[print] 0.1321736660558388
[print] 0.12757910510786727
[print] 0.12757910510786727
[print] 0.12280496512610561
[print] 0.12280496512610561
[print] 0.1170837452086054
[print] 0.1170837452086054
[print] 0.1120858404064105
[print] 0.1120858404064105
[print] 0.10751363976290491
[print] 0.10751363976290491
[print] 0.10224093078163449
[print] 0.10224093078163449
[print] 0.09716675783715094
[print] 0.09716675783715094
[print] 0.09256788817084641
[print] 0.09256788817084641
[print] 0.08754193361477657
[print] 0.08754193361477657
[print] 0.08247313810121469
[print] 0.08247313810121469
[print] 0.07797151233239073
[print] 0.07797151233239073
[print] 0.07354699918836924
[print] 0.07354699918836924
[print] 0.06907555150270045
[print] 0.06907555150270045
[print] 0.06501792061963382
[print] 0.06501792061963382
[print] 0.061225372806640914
[print] 0.061225372806640914
[print] 0.05739019761712799
[print] 0.05739019761712799
[print] 0.05378884981279104
[print] 0.05378884981279104
[print] 0.05056894732487866
[print] 0.05056894732487866
[print] 0.04749710153792427
[print] 0.04749710153792427
[print] 0.044518589315462556
[print] 0.044518589315462556
[print] 0.0417832645352242
[print] 0.0417832645352242
[print] 0.03928187497332153
[print] 0.03928187497332153
[print] 0.03688551994433376
[print] 0.03688551994433376
[print] 0.034609000194980755
[print] 0.034609000194980755
[print] 0.032543313646308164
[print] 0.032543313646308164
[print] 0.030666899010108144
[print] 0.030666899010108144
[print] 0.028901295833133733
[print] 0.028901295833133733
[print] 0.027237806990906315
[print] 0.027237806990906315
[print] 0.02571258126328602
[print] 0.02571258126328602
[print] 0.024320530334186574
[print] 0.024320530334186574
[print] 0.023021522877898493
[print] 0.023021522877898493
[print] 0.021802576065307607
[print] 0.021802576065307607
[print] 0.020680855042247745
[print] 0.020680855042247745
[print] 0.019660000379130432
[print] 0.019660000379130432
[print] 0.018719041914075585
[print] 0.018719041914075585
[print] 0.017837628056741894
[print] 0.017837628056741894
[print] 0.017012520706411974
[print] 0.017012520706411974
[print] 0.01624913734977039
[print] 0.01624913734977039
[print] 0.015546524759121036
[print] 0.015546524759121036
[print] 0.014894901939686778
[print] 0.014894901939686778
[print] 0.01428478254943939
[print] 0.01428478254943939
[print] 0.013713567324232186
[print] 0.013713567324232186
[print] 0.013182427304876943
[print] 0.013182427304876943
[print] 0.012689933773515058
[print] 0.012689933773515058
[print] 0.012230672548509847
[print] 0.012230672548509847
[print] 0.011798804627676412
[print] 0.011798804627676412
[print] 0.01139133831723094
[print] 0.01139133831723094
[print] 0.011007970488987518
[print] 0.011007970488987518
[print] 0.010648665666411736
[print] 0.010648665666411736
[print] 0.010311854319100285
[print] 0.010311854319100285
[print] 0.009994704325800245
[print] 0.009994704325800245
[print] 0.009694609728446012
[print] 0.009694609728446012
[print] 0.009410162153573948
[print] 0.009410162153573948
[print] 0.009140851211020548
[print] 0.009140851211020548
[print] 0.008886140491494464
[print] 0.008886140491494464
[print] 0.008644930438477524
[print] 0.008644930438477524
[print] 0.008415751403320222
[print] 0.008415751403320222
[print] 0.008197297632899801
[print] 0.008197297632899801
[print] 0.007988761250798353
[print] 0.007988761250798353
[print] 0.007789752274872092
[print] 0.007789752274872092
[print] 0.007599969958179963
[print] 0.007599969958179963
[print] 0.007418930363110982
[print] 0.007418930363110982
[print] 0.007245933555197998
[print] 0.007245933555197998
[print] 0.007080231261427636
[print] 0.007080231261427636
[print] 0.006921217918802533
[print] 0.006921217918802533
[print] 0.00676849588512219
[print] 0.00676849588512219
[print] 0.00662179819032333
[print] 0.00662179819032333
[print] 0.006480861967419681
[print] 0.006480861967419681
[print] 0.00634535545717613
[print] 0.00634535545717613
[print] 0.006214893398382903
[print] 0.006214893398382903
[print] 0.0060891036676062466
[print] 0.0060891036676062466
[print] 0.005967684115613317
[print] 0.005967684115613317
[print] 0.005850412906917965
[print] 0.005850412906917965
[print] 0.005737116432361597
[print] 0.005737116432361597
[print] 0.005627624962743043
[print] 0.005627624962743043
[print] 0.005521746045017666
[print] 0.005521746045017666
[print] 0.005419266997806231
[print] 0.005419266997806231
[print] 0.005319977173644012
[print] 0.005319977173644012
[print] 0.005223691026191046
[print] 0.005223691026191046
[print] 0.005130257433009317
[print] 0.005130257433009317
[print] 0.005039552810209745
[print] 0.005039552810209745
[print] 0.004951465887215117
[print] 0.004951465887215117
[print] 0.004865884802032983
[print] 0.004865884802032983
[print] 0.004782692903566637
[print] 0.004782692903566637
[print] 0.004701772900361821
[print] 0.004701772900361821
[print] 0.004623014410011362
[print] 0.004623014410011362
[print] 0.004546319469561868
[print] 0.004546319469561868
[print] 0.004471603196599176
[print] 0.004471603196599176
[print] 0.0043987901908450954
[print] 0.0043987901908450954
[print] 0.004327809412462018
[print] 0.004327809412462018
[print] 0.004258590403956002
[print] 0.004258590403956002
[print] 0.004191062326744403
[print] 0.004191062326744403
[print] 0.0041251554859092635
[print] 0.0041251554859092635
[print] 0.004060803840280529
[print] 0.004060803840280529
[print] 0.003997946878135954
[print] 0.003997946878135954
[print] 0.003936529967945297
[print] 0.003936529967945297
[print] 0.0038765032810117845
[print] 0.0038765032810117845
[print] 0.003817820064925523
[print] 0.003817820064925523
[print] 0.003760435165784915
[print] 0.003760435165784915
[print] 0.0037043043483221466
[print] 0.0037043043483221466
[print] 0.0036493844458041244
[print] 0.0036493844458041244
[print] 0.00359563398082358
[print] 0.00359563398082358
[print] 0.0035430137819020035
[print] 0.0035430137819020035
[print] 0.003491487254727181
[print] 0.003491487254727181
[print] 0.0034410202185599288
[print] 0.0034410202185599288
[print] 0.0033915804413968817
[print] 0.0033915804413968817
[print] 0.0033431371109438664
[print] 0.0033431371109438664
[print] 0.0032956604500274877
[print] 0.0032956604500274877
[print] 0.003249121573055365
[print] 0.003249121573055365
[print] 0.0032034925552103825
[print] 0.0032034925552103825
[print] 0.0031587466049686156
[print] 0.0031587466049686156
[print] 0.0031148582160237105
[print] 0.0031148582160237105
[print] 0.003071803215381684
[print] 0.003071803215381684
[print] 0.0030295586888464798
[print] 0.0030295586888464798
[print] 0.0029881028205330134
[print] 0.0029881028205330134
[print] 0.0029474147092324286
[print] 0.0029474147092324286
[print] 0.002907474218680429
[print] 0.002907474218680429
[print] 0.002868261891986546
[print] 0.002868261891986546
[print] 0.002829758928963461
[print] 0.002829758928963461
[print] 0.002791947202442328
[print] 0.002791947202442328
[print] 0.0027548092821705274
[print] 0.0027548092821705274
[print] 0.0027183284412455253
[print] 0.0027183284412455253
[print] 0.002682488634037473
[print] 0.002682488634037473
[print] 0.0026472744488769636
[print] 0.0026472744488769636
[print] 0.0026126710480580987
[print] 0.0026126710480580987
[print] 0.0025786641099085116
[print] 0.0025786641099085116
[print] 0.0025452397839175315
[print] 0.0025452397839175315
[print] 0.002512384663133284
[print] 0.002512384663133284
[print] 0.002480085771452119
[print] 0.002480085771452119
[print] 0.002448330559297628
[print] 0.002448330559297628
[print] 0.002417106900316236
[print] 0.002417106900316236
[print] 0.0023864030835502818
[print] 0.0023864030835502818
[print] 0.002356207798759442
[print] 0.002356207798759442
[print] 0.0023265101157037295
[print] 0.0023265101157037295
[print] 0.0022972994602506874
[print] 0.0022972994602506874
[print] 0.0022685655907389375
[print] 0.0022685655907389375
[print] 0.002240298577329876
[print] 0.002240298577329876
[print] 0.002212488785676499
[print] 0.002212488785676499
[print] 0.0021851268647707154
[print] 0.0021851268647707154
[print] 0.0021582037377820404
[print] 0.0021582037377820404
[print] 0.002131710594287412
[print] 0.002131710594287412
[print] 0.0021056388824703034
[print] 0.0021056388824703034
[print] 0.002079980300424241
[print] 0.002079980300424241
[print] 0.002054726786356541
[print] 0.002054726786356541
[print] 0.002029870508027583
[print] 0.002029870508027583
[print] 0.0020054038520481935
[print] 0.0020054038520481935
[print] 0.0019813194136760618
[print] 0.0019813194136760618
[print] 0.0019813194136760618
[print] 0.0019813194136760618
Result: 0.0019813194136760618
